[     308ms] [INFO] %cDownload the React DevTools for a better development experience: https://react.dev/link/react-devtools font-weight:bold @ http://localhost:5173/node_modules/.vite/deps/react-dom_client.js?v=9b8d6b2e:20102
[     813ms] [LOG] [v2-preview] Layer cache created (64 MB) @ http://localhost:5173/src/v2-preview-worker.ts?worker_file&type=module:20
[     816ms] [LOG] [v2-pipeline] Layer cache created (256 MB) @ http://localhost:5173/src/v2-pipeline-worker.ts?worker_file&type=module:19
[     816ms] [LOG] [v2-pipeline] WebGPU available @ http://localhost:5173/src/v2-pipeline-worker.ts?worker_file&type=module:23
[  230694ms] [INFO] %cDownload the React DevTools for a better development experience: https://react.dev/link/react-devtools font-weight:bold @ http://localhost:5173/node_modules/.vite/deps/react-dom_client.js?v=9b8d6b2e:20102
[  230834ms] [LOG] [v2-preview] Layer cache created (64 MB) @ http://localhost:5173/src/v2-preview-worker.ts?worker_file&type=module:30
[  230835ms] [LOG] [v2-pipeline] Layer cache created (256 MB) @ http://localhost:5173/src/v2-pipeline-worker.ts?worker_file&type=module:28
[  230835ms] [LOG] [v2-pipeline] WebGPU available @ http://localhost:5173/src/v2-pipeline-worker.ts?worker_file&type=module:32
[  349786ms] [LOG] [vite] server connection lost. Polling for restart... @ http://localhost:5173/@vite/client:963
[  350333ms] [INFO] %cDownload the React DevTools for a better development experience: https://react.dev/link/react-devtools font-weight:bold @ http://localhost:5173/node_modules/.vite/deps/react-dom_client.js?v=477c698e:20102
[ 5797775ms] [ERROR] Failed to load resource: the server responded with a status of 404 (Not Found) @ http://localhost:5173/src/features/workspace/layout/WorkspacePage.tsx?t=1775303267065:0
[ 5797776ms] [ERROR] [vite] Failed to reload /src/features/workspace/layout/WorkspacePage.tsx. This could be due to syntax errors or importing non-existent modules. (see errors above) @ http://localhost:5173/@vite/client:808
[ 5797778ms] [ERROR] Failed to load resource: the server responded with a status of 404 (Not Found) @ http://localhost:5173/src/index.css?t=1775303267067:0
[ 5797778ms] [ERROR] [vite] Failed to reload /src/index.css. This could be due to syntax errors or importing non-existent modules. (see errors above) @ http://localhost:5173/@vite/client:808
[ 5800185ms] [ERROR] Failed to load resource: the server responded with a status of 404 (Not Found) @ http://localhost:5173/src/features/workspace/layout/WorkspacePage.tsx?t=1775303269414:0
[ 5800185ms] [ERROR] [vite] Failed to reload /src/features/workspace/layout/WorkspacePage.tsx. This could be due to syntax errors or importing non-existent modules. (see errors above) @ http://localhost:5173/@vite/client:808
[ 5800188ms] [ERROR] Failed to load resource: the server responded with a status of 404 (Not Found) @ http://localhost:5173/src/index.css?t=1775303269416:0
[ 5800188ms] [ERROR] [vite] Failed to reload /src/index.css. This could be due to syntax errors or importing non-existent modules. (see errors above) @ http://localhost:5173/@vite/client:808
[ 6179947ms] [ERROR] Failed to load resource: the server responded with a status of 404 (Not Found) @ http://localhost:5173/src/layouts/MainLayout.tsx?t=1775303649246:0
[ 6179948ms] [ERROR] [vite] Failed to reload /src/layouts/MainLayout.tsx. This could be due to syntax errors or importing non-existent modules. (see errors above) @ http://localhost:5173/@vite/client:808
[ 6180643ms] [ERROR] Failed to load resource: the server responded with a status of 404 (Not Found) @ http://localhost:5173/src/layouts/MainLayout.tsx?t=1775303649943:0
[ 6180643ms] [ERROR] [vite] Failed to reload /src/layouts/MainLayout.tsx. This could be due to syntax errors or importing non-existent modules. (see errors above) @ http://localhost:5173/@vite/client:808
[ 6186647ms] [ERROR] Failed to load resource: the server responded with a status of 404 (Not Found) @ http://localhost:5173/src/features/common/ProjectHeader.tsx?t=1775303655896:0
[ 6186647ms] [ERROR] [vite] Failed to reload /src/features/common/ProjectHeader.tsx. This could be due to syntax errors or importing non-existent modules. (see errors above) @ http://localhost:5173/@vite/client:808
[ 6187670ms] [ERROR] Failed to load resource: the server responded with a status of 404 (Not Found) @ http://localhost:5173/src/features/common/ProjectHeader.tsx?t=1775303656947:0
[ 6187670ms] [ERROR] [vite] Failed to reload /src/features/common/ProjectHeader.tsx. This could be due to syntax errors or importing non-existent modules. (see errors above) @ http://localhost:5173/@vite/client:808
[ 6206205ms] [ERROR] Failed to load resource: the server responded with a status of 404 (Not Found) @ http://localhost:5173/src/features/common/ProjectHeader.tsx?t=1775303675445:0
[ 6206206ms] [ERROR] [vite] Failed to reload /src/features/common/ProjectHeader.tsx. This could be due to syntax errors or importing non-existent modules. (see errors above) @ http://localhost:5173/@vite/client:808
[ 6220004ms] [ERROR] Failed to load resource: the server responded with a status of 404 (Not Found) @ http://localhost:5173/src/features/common/ProjectHeader.tsx?t=1775303689303:0
[ 6220004ms] [ERROR] [vite] Failed to reload /src/features/common/ProjectHeader.tsx. This could be due to syntax errors or importing non-existent modules. (see errors above) @ http://localhost:5173/@vite/client:808
[ 6227030ms] [ERROR] Failed to load resource: the server responded with a status of 404 (Not Found) @ http://localhost:5173/src/features/map-generator/components/MapGenerator.tsx?t=1775303696330:0
[ 6227030ms] [ERROR] [vite] Failed to reload /src/features/map-generator/components/MapGenerator.tsx. This could be due to syntax errors or importing non-existent modules. (see errors above) @ http://localhost:5173/@vite/client:808
[ 6228324ms] [ERROR] Failed to load resource: the server responded with a status of 404 (Not Found) @ http://localhost:5173/src/features/map-generator/components/MapGenerator.tsx?t=1775303697544:0
[ 6228324ms] [ERROR] [vite] Failed to reload /src/features/map-generator/components/MapGenerator.tsx. This could be due to syntax errors or importing non-existent modules. (see errors above) @ http://localhost:5173/@vite/client:808
[ 6232612ms] [ERROR] Failed to load resource: the server responded with a status of 404 (Not Found) @ http://localhost:5173/src/features/map-generator/components/MapGenerator.tsx?t=1775303701914:0
[ 6232613ms] [ERROR] [vite] Failed to reload /src/features/map-generator/components/MapGenerator.tsx. This could be due to syntax errors or importing non-existent modules. (see errors above) @ http://localhost:5173/@vite/client:808
[ 6241739ms] [ERROR] Failed to load resource: the server responded with a status of 404 (Not Found) @ http://localhost:5173/src/features/map-generator/components/MapGenerator.tsx?t=1775303710962:0
[ 6241739ms] [ERROR] [vite] Failed to reload /src/features/map-generator/components/MapGenerator.tsx. This could be due to syntax errors or importing non-existent modules. (see errors above) @ http://localhost:5173/@vite/client:808
[ 6248190ms] [ERROR] Failed to load resource: the server responded with a status of 404 (Not Found) @ http://localhost:5173/src/features/map-generator/components/MapGenerator.tsx?t=1775303717383:0
[ 6248190ms] [ERROR] [vite] Failed to reload /src/features/map-generator/components/MapGenerator.tsx. This could be due to syntax errors or importing non-existent modules. (see errors above) @ http://localhost:5173/@vite/client:808
[ 6269548ms] [INFO] %cDownload the React DevTools for a better development experience: https://react.dev/link/react-devtools font-weight:bold @ http://localhost:5173/node_modules/.vite/deps/react-dom_client.js?v=9b8d6b2e:20102
[ 6270024ms] [LOG] [v2-pipeline] Layer cache created (256 MB) @ http://localhost:5173/src/v2-pipeline-worker.ts?worker_file&type=module:28
[ 6270024ms] [LOG] [v2-preview] Layer cache created (64 MB) @ http://localhost:5173/src/v2-preview-worker.ts?worker_file&type=module:30
[ 6270024ms] [LOG] [v2-pipeline] WebGPU available @ http://localhost:5173/src/v2-pipeline-worker.ts?worker_file&type=module:32
[14208505ms] [LOG] [vite] server connection lost. Polling for restart... @ http://localhost:5173/@vite/client:963
[14208909ms] [INFO] %cDownload the React DevTools for a better development experience: https://react.dev/link/react-devtools font-weight:bold @ http://localhost:5173/node_modules/.vite/deps/react-dom_client.js?v=477c698e:20102
